[23:24:18] [ServerMain/INFO]: [bootstrap] Running Java 21 (OpenJDK 64-Bit Server VM 21.0.6+7-Ubuntu-120.04.1; Ubuntu null) on Linux 6.8.0-1021-azure (amd64)
[23:24:18] [ServerMain/INFO]: [bootstrap] Loading Paper 1.21-130-master@b1b5d4c (2024-08-10T10:02:42Z) for Minecraft 1.21
[23:24:18] [ServerMain/INFO]: [PluginInitializerManager] Initializing plugins...
[23:24:19] [ServerMain/INFO]: [PluginInitializerManager] Initialized 0 plugins
[23:24:25] [ServerMain/INFO]: Environment: Environment[sessionHost=https://sessionserver.mojang.com, servicesHost=https://api.minecraftservices.com, name=PROD]
[23:24:27] [ServerMain/INFO]: Loaded 1290 recipes
[23:24:27] [ServerMain/INFO]: Loaded 1399 advancements
[23:24:28] [Server thread/INFO]: Starting minecraft server version 1.21
[23:24:28] [Server thread/INFO]: Loading properties
[23:24:28] [Server thread/INFO]: This server is running Paper version 1.21-130-master@b1b5d4c (2024-08-10T10:02:42Z) (Implementing API version 1.21-R0.1-SNAPSHOT)
[23:24:29] [Server thread/INFO]: [spark] This server bundles the spark profiler. For more information please visit https://docs.papermc.io/paper/profiling
[23:24:29] [Server thread/INFO]: Server Ping Player Sample Count: 12
[23:24:29] [Server thread/INFO]: Using 4 threads for Netty based IO
[23:24:30] [Server thread/INFO]: [ChunkTaskScheduler] Chunk system is using 1 I/O threads, 1 worker threads, and population gen parallelism of 1 threads
[23:24:30] [Server thread/INFO]: Default game type: SURVIVAL
[23:24:30] [Server thread/INFO]: Generating keypair
[23:24:30] [Server thread/INFO]: Starting Minecraft server on *:25565
[23:24:30] [Server thread/INFO]: Using epoll channel type
[23:24:30] [Server thread/INFO]: Paper: Using libdeflate (Linux x86_64) compression from Velocity.
[23:24:30] [Server thread/INFO]: Paper: Using OpenSSL 1.1.x (Linux x86_64) cipher from Velocity.
[23:24:30] [Server thread/INFO]: Server permissions file permissions.yml is empty, ignoring it
[23:24:30] [Server thread/INFO]: Preparing level "world"
[23:24:31] [Server thread/INFO]: Preparing start region for dimension minecraft:overworld
[23:24:33] [Server thread/INFO]: Time elapsed: 1810 ms
[23:24:33] [Server thread/INFO]: Preparing start region for dimension minecraft:the_nether
[23:24:33] [Server thread/INFO]: Time elapsed: 406 ms
[23:24:33] [Server thread/INFO]: Preparing start region for dimension minecraft:the_end
[23:24:34] [Server thread/INFO]: Time elapsed: 229 ms
[23:24:34] [Server thread/INFO]: [spark] Starting background profiler...
[23:24:34] [Server thread/INFO]: Done preparing level "world" (3.846s)
[23:24:34] [Server thread/INFO]: Running delayed init tasks
[23:24:34] [Server thread/INFO]: Done (18.261s)! For help, type "help"
[23:24:34] [Server thread/INFO]: Timings Reset
[23:33:15] [User Authenticator #0/INFO]: UUID of player IIGrimXa10 is 9db96c25-b94f-4c09-b775-def82a90fa87
[23:33:17] [Server thread/INFO]: IIGrimXa10 joined the game
[23:33:17] [Server thread/INFO]: IIGrimXa10[/127.93.207.44:33923] logged in with entity id 70 at ([world]-34.32692785123972, 71.0, 43.69999998807907)
